  [1m[35m (169.6ms)[0m  [1m[35mCREATE TABLE "schema_migrations" ("version" character varying NOT NULL PRIMARY KEY)[0m
  [1m[35m (89.2ms)[0m  [1m[35mCREATE TABLE "ar_internal_metadata" ("key" character varying NOT NULL PRIMARY KEY, "value" character varying, "created_at" timestamp NOT NULL, "updated_at" timestamp NOT NULL)[0m
  [1m[35m (0.4ms)[0m  [1m[34mSELECT pg_try_advisory_lock(8046602433121391160)[0m
  [1m[35m (0.6ms)[0m  [1m[34mSELECT "schema_migrations"."version" FROM "schema_migrations" ORDER BY "schema_migrations"."version" ASC[0m
Migrating to CreateUsers (20180216031523)
  [1m[35m (0.3ms)[0m  [1m[35mBEGIN[0m
  [1m[35m (77.1ms)[0m  [1m[35mCREATE TABLE "users" ("id" bigserial primary key, "username" character varying, "email" character varying, "password_digest" character varying, "created_at" timestamp NOT NULL, "updated_at" timestamp NOT NULL)[0m
  [1m[35mSQL (0.5ms)[0m  [1m[32mINSERT INTO "schema_migrations" ("version") VALUES ($1) RETURNING "version"[0m  [["version", "20180216031523"]]
  [1m[35m (11.1ms)[0m  [1m[35mCOMMIT[0m
Migrating to CreateCampaigns (20180216032530)
  [1m[35m (0.3ms)[0m  [1m[35mBEGIN[0m
  [1m[35m (68.0ms)[0m  [1m[35mCREATE TABLE "campaigns" ("id" bigserial primary key, "user_id" integer, "title" character varying, "description" text, "experience_track" integer, "created_at" timestamp NOT NULL, "updated_at" timestamp NOT NULL)[0m
  [1m[35mSQL (0.5ms)[0m  [1m[32mINSERT INTO "schema_migrations" ("version") VALUES ($1) RETURNING "version"[0m  [["version", "20180216032530"]]
  [1m[35m (14.2ms)[0m  [1m[35mCOMMIT[0m
Migrating to CreateSettingDetails (20180216033450)
  [1m[35m (0.2ms)[0m  [1m[35mBEGIN[0m
  [1m[35m (67.4ms)[0m  [1m[35mCREATE TABLE "setting_details" ("id" bigserial primary key, "title" character varying, "description" text, "campaign_id" integer, "created_at" timestamp NOT NULL, "updated_at" timestamp NOT NULL)[0m
  [1m[35mSQL (0.4ms)[0m  [1m[32mINSERT INTO "schema_migrations" ("version") VALUES ($1) RETURNING "version"[0m  [["version", "20180216033450"]]
  [1m[35m (13.7ms)[0m  [1m[35mCOMMIT[0m
Migrating to CreateChapters (20180216034751)
  [1m[35m (0.2ms)[0m  [1m[35mBEGIN[0m
  [1m[35m (59.6ms)[0m  [1m[35mCREATE TABLE "chapters" ("id" bigserial primary key, "title" character varying, "description" text, "campaign_id" integer, "created_at" timestamp NOT NULL, "updated_at" timestamp NOT NULL)[0m
  [1m[35mSQL (0.4ms)[0m  [1m[32mINSERT INTO "schema_migrations" ("version") VALUES ($1) RETURNING "version"[0m  [["version", "20180216034751"]]
  [1m[35m (13.1ms)[0m  [1m[35mCOMMIT[0m
Migrating to CreateBlueBooks (20180216035925)
  [1m[35m (0.4ms)[0m  [1m[35mBEGIN[0m
  [1m[35m (59.9ms)[0m  [1m[35mCREATE TABLE "blue_books" ("id" bigserial primary key, "title" character varying, "body" text, "reward" character varying, "chapter_id" integer, "character_id" integer, "created_at" timestamp NOT NULL, "updated_at" timestamp NOT NULL)[0m
  [1m[35mSQL (0.3ms)[0m  [1m[32mINSERT INTO "schema_migrations" ("version") VALUES ($1) RETURNING "version"[0m  [["version", "20180216035925"]]
  [1m[35m (12.9ms)[0m  [1m[35mCOMMIT[0m
Migrating to CreateCharacters (20180216040313)
  [1m[35m (0.4ms)[0m  [1m[35mBEGIN[0m
  [1m[35m (76.8ms)[0m  [1m[35mCREATE TABLE "characters" ("id" bigserial primary key, "user_id" integer, "campaign_id" integer, "name" character varying, "description" text, "primary_class" character varying, "secondary_class" character varying, "tertiary_class" character varying, "pc" boolean, "location" character varying, "level" integer, "copper" integer, "silver" integer, "gold" integer, "platinum" integer, "experience" integer, "created_at" timestamp NOT NULL, "updated_at" timestamp NOT NULL)[0m
  [1m[35mSQL (0.4ms)[0m  [1m[32mINSERT INTO "schema_migrations" ("version") VALUES ($1) RETURNING "version"[0m  [["version", "20180216040313"]]
  [1m[35m (12.3ms)[0m  [1m[35mCOMMIT[0m
Migrating to CreateItems (20180216041929)
  [1m[35m (0.3ms)[0m  [1m[35mBEGIN[0m
  [1m[35m (70.0ms)[0m  [1m[35mCREATE TABLE "items" ("id" bigserial primary key, "name" character varying, "details" text, "value" integer, "attached_sheet" boolean DEFAULT 'f', "is_cash" boolean DEFAULT 'f', "campaign_id" integer, "character_id" integer, "created_at" timestamp NOT NULL, "updated_at" timestamp NOT NULL)[0m
  [1m[35mSQL (0.4ms)[0m  [1m[32mINSERT INTO "schema_migrations" ("version") VALUES ($1) RETURNING "version"[0m  [["version", "20180216041929"]]
  [1m[35m (18.8ms)[0m  [1m[35mCOMMIT[0m
Migrating to CreateNotes (20180216043357)
  [1m[35m (0.3ms)[0m  [1m[35mBEGIN[0m
  [1m[35m (70.8ms)[0m  [1m[35mCREATE TABLE "notes" ("id" bigserial primary key, "title" character varying, "body" text, "notable_type" character varying, "notable_id" bigint, "created_at" timestamp NOT NULL, "updated_at" timestamp NOT NULL)[0m
  [1m[35m (47.3ms)[0m  [1m[35mCREATE  INDEX  "index_notes_on_notable_type_and_notable_id" ON "notes"  ("notable_type", "notable_id")[0m
  [1m[35mSQL (0.4ms)[0m  [1m[32mINSERT INTO "schema_migrations" ("version") VALUES ($1) RETURNING "version"[0m  [["version", "20180216043357"]]
  [1m[35m (18.2ms)[0m  [1m[35mCOMMIT[0m
Migrating to AddUserIdColumnToNotes (20180216063339)
  [1m[35m (0.2ms)[0m  [1m[35mBEGIN[0m
  [1m[35m (0.4ms)[0m  [1m[35mALTER TABLE "notes" ADD "user_id" integer[0m
  [1m[35mSQL (0.4ms)[0m  [1m[32mINSERT INTO "schema_migrations" ("version") VALUES ($1) RETURNING "version"[0m  [["version", "20180216063339"]]
  [1m[35m (6.0ms)[0m  [1m[35mCOMMIT[0m
Migrating to RemoveColumnExperienceTrackFromCampaigns (20180218193645)
  [1m[35m (0.2ms)[0m  [1m[35mBEGIN[0m
  [1m[35m (0.6ms)[0m  [1m[35mALTER TABLE "campaigns" DROP "experience_track"[0m
  [1m[35mSQL (0.4ms)[0m  [1m[32mINSERT INTO "schema_migrations" ("version") VALUES ($1) RETURNING "version"[0m  [["version", "20180218193645"]]
  [1m[35m (6.1ms)[0m  [1m[35mCOMMIT[0m
Migrating to ChangeItemValueToFloat (20180218224014)
  [1m[35m (0.2ms)[0m  [1m[35mBEGIN[0m
  [1m[35m (72.5ms)[0m  [1m[35mALTER TABLE "items" ALTER COLUMN "value" TYPE float[0m
  [1m[35mSQL (0.4ms)[0m  [1m[32mINSERT INTO "schema_migrations" ("version") VALUES ($1) RETURNING "version"[0m  [["version", "20180218224014"]]
  [1m[35m (17.4ms)[0m  [1m[35mCOMMIT[0m
Migrating to RemovePcColumnFromCharacter (20180218235056)
  [1m[35m (0.4ms)[0m  [1m[35mBEGIN[0m
  [1m[35m (0.4ms)[0m  [1m[35mALTER TABLE "characters" DROP "pc"[0m
  [1m[35mSQL (0.4ms)[0m  [1m[32mINSERT INTO "schema_migrations" ("version") VALUES ($1) RETURNING "version"[0m  [["version", "20180218235056"]]
  [1m[35m (5.5ms)[0m  [1m[35mCOMMIT[0m
  [1m[36mActiveRecord::InternalMetadata Load (0.3ms)[0m  [1m[34mSELECT  "ar_internal_metadata".* FROM "ar_internal_metadata" WHERE "ar_internal_metadata"."key" = $1 LIMIT $2[0m  [["key", "environment"], ["LIMIT", 1]]
  [1m[35m (0.2ms)[0m  [1m[35mBEGIN[0m
  [1m[35mSQL (0.5ms)[0m  [1m[32mINSERT INTO "ar_internal_metadata" ("key", "value", "created_at", "updated_at") VALUES ($1, $2, $3, $4) RETURNING "key"[0m  [["key", "environment"], ["value", "development"], ["created_at", "2018-08-26 14:14:25.751926"], ["updated_at", "2018-08-26 14:14:25.751926"]]
  [1m[35m (6.3ms)[0m  [1m[35mCOMMIT[0m
  [1m[35m (0.3ms)[0m  [1m[34mSELECT pg_advisory_unlock(8046602433121391160)[0m
  [1m[35m (0.4ms)[0m  [1m[34mSELECT "schema_migrations"."version" FROM "schema_migrations" ORDER BY "schema_migrations"."version" ASC[0m
  [1m[35m (0.7ms)[0m  [1m[34mSELECT "schema_migrations"."version" FROM "schema_migrations" ORDER BY "schema_migrations"."version" ASC[0m
  [1m[36mCharacter Load (0.3ms)[0m  [1m[34mSELECT  "characters".* FROM "characters" ORDER BY "characters"."id" ASC LIMIT $1[0m  [["LIMIT", 1]]
  [1m[36mCampaign Load (0.4ms)[0m  [1m[34mSELECT  "campaigns".* FROM "campaigns" ORDER BY "campaigns"."id" ASC LIMIT $1[0m  [["LIMIT", 1]]
  [1m[35m (0.7ms)[0m  [1m[34mSELECT "schema_migrations"."version" FROM "schema_migrations" ORDER BY "schema_migrations"."version" ASC[0m
  [1m[35m (0.3ms)[0m  [1m[35mBEGIN[0m
  [1m[35mSQL (0.6ms)[0m  [1m[32mINSERT INTO "users" ("username", "email", "password_digest", "created_at", "updated_at") VALUES ($1, $2, $3, $4, $5) RETURNING "id"[0m  [["username", "Zackbert"], ["email", "zberto@gmail.com"], ["password_digest", "$2a$10$7AQDpmqpn3K5wUUHbd0c/.Krh08.FHd3Ekt8h4ttc2DKHprkBAHum"], ["created_at", "2018-08-26 14:16:26.953850"], ["updated_at", "2018-08-26 14:16:26.953850"]]
  [1m[35m (18.7ms)[0m  [1m[35mCOMMIT[0m
  [1m[35m (0.3ms)[0m  [1m[35mBEGIN[0m
  [1m[35mSQL (0.5ms)[0m  [1m[32mINSERT INTO "users" ("username", "email", "password_digest", "created_at", "updated_at") VALUES ($1, $2, $3, $4, $5) RETURNING "id"[0m  [["username", "Gregbert"], ["email", "gberto@gmail.com"], ["password_digest", "$2a$10$1mV4DsFcsKCbvOxy8XuIZu6i2hCVlyaQ9iRzODhUVsOIB0FjOnr4K"], ["created_at", "2018-08-26 14:16:27.052654"], ["updated_at", "2018-08-26 14:16:27.052654"]]
  [1m[35m (3.7ms)[0m  [1m[35mCOMMIT[0m
  [1m[35m (0.3ms)[0m  [1m[35mBEGIN[0m
  [1m[35mSQL (0.6ms)[0m  [1m[32mINSERT INTO "campaigns" ("user_id", "title", "description", "created_at", "updated_at") VALUES ($1, $2, $3, $4, $5) RETURNING "id"[0m  [["user_id", 1], ["title", "Wheel of Time"], ["description", "It begins."], ["created_at", "2018-08-26 14:16:27.078645"], ["updated_at", "2018-08-26 14:16:27.078645"]]
  [1m[35m (10.6ms)[0m  [1m[35mCOMMIT[0m
  [1m[35m (0.3ms)[0m  [1m[35mBEGIN[0m
  [1m[35mSQL (0.6ms)[0m  [1m[32mINSERT INTO "items" ("name", "details", "value", "campaign_id", "created_at", "updated_at") VALUES ($1, $2, $3, $4, $5, $6) RETURNING "id"[0m  [["name", "sword"], ["details", "Long, sharp, shiny"], ["value", 100.0], ["campaign_id", 1], ["created_at", "2018-08-26 14:16:27.107905"], ["updated_at", "2018-08-26 14:16:27.107905"]]
  [1m[35m (6.2ms)[0m  [1m[35mCOMMIT[0m
  [1m[35m (0.3ms)[0m  [1m[35mBEGIN[0m
  [1m[35mSQL (0.5ms)[0m  [1m[32mINSERT INTO "items" ("name", "details", "value", "campaign_id", "created_at", "updated_at") VALUES ($1, $2, $3, $4, $5, $6) RETURNING "id"[0m  [["name", "shield"], ["details", "Round, hard, not shiny"], ["value", 30.0], ["campaign_id", 1], ["created_at", "2018-08-26 14:16:27.116477"], ["updated_at", "2018-08-26 14:16:27.116477"]]
  [1m[35m (6.5ms)[0m  [1m[35mCOMMIT[0m
  [1m[35m (0.3ms)[0m  [1m[35mBEGIN[0m
  [1m[35mSQL (0.6ms)[0m  [1m[32mINSERT INTO "chapters" ("title", "description", "campaign_id", "created_at", "updated_at") VALUES ($1, $2, $3, $4, $5) RETURNING "id"[0m  [["title", "The Eye of The World"], ["description", "The adventure begins"], ["campaign_id", 1], ["created_at", "2018-08-26 14:16:27.137376"], ["updated_at", "2018-08-26 14:16:27.137376"]]
  [1m[35m (10.3ms)[0m  [1m[35mCOMMIT[0m
  [1m[35m (0.2ms)[0m  [1m[35mBEGIN[0m
  [1m[35mSQL (0.4ms)[0m  [1m[32mINSERT INTO "chapters" ("title", "description", "campaign_id", "created_at", "updated_at") VALUES ($1, $2, $3, $4, $5) RETURNING "id"[0m  [["title", "The Great Hunt"], ["description", "The adventure continues!"], ["campaign_id", 1], ["created_at", "2018-08-26 14:16:27.149851"], ["updated_at", "2018-08-26 14:16:27.149851"]]
  [1m[35m (6.5ms)[0m  [1m[35mCOMMIT[0m
  [1m[35m (0.3ms)[0m  [1m[35mBEGIN[0m
  [1m[35mSQL (0.6ms)[0m  [1m[32mINSERT INTO "setting_details" ("title", "description", "campaign_id", "created_at", "updated_at") VALUES ($1, $2, $3, $4, $5) RETURNING "id"[0m  [["title", "Location"], ["description", "Two Rivers"], ["campaign_id", 1], ["created_at", "2018-08-26 14:16:27.169743"], ["updated_at", "2018-08-26 14:16:27.169743"]]
  [1m[35m (2.9ms)[0m  [1m[35mCOMMIT[0m
  [1m[35m (0.2ms)[0m  [1m[35mBEGIN[0m
  [1m[35mSQL (0.4ms)[0m  [1m[32mINSERT INTO "setting_details" ("title", "description", "campaign_id", "created_at", "updated_at") VALUES ($1, $2, $3, $4, $5) RETURNING "id"[0m  [["title", "Experience Track"], ["description", "Fast"], ["campaign_id", 1], ["created_at", "2018-08-26 14:16:27.174720"], ["updated_at", "2018-08-26 14:16:27.174720"]]
  [1m[35m (6.6ms)[0m  [1m[35mCOMMIT[0m
  [1m[35m (0.3ms)[0m  [1m[35mBEGIN[0m
  [1m[35mSQL (0.7ms)[0m  [1m[32mINSERT INTO "characters" ("user_id", "campaign_id", "name", "description", "primary_class", "location", "level", "gold", "created_at", "updated_at") VALUES ($1, $2, $3, $4, $5, $6, $7, $8, $9, $10) RETURNING "id"[0m  [["user_id", 1], ["campaign_id", 1], ["name", "Thomdril Merrilin"], ["description", "A wandering bard"], ["primary_class", "Bard"], ["location", "Emond's Field"], ["level", 6], ["gold", 30], ["created_at", "2018-08-26 14:16:27.208618"], ["updated_at", "2018-08-26 14:16:27.208618"]]
  [1m[35m (5.3ms)[0m  [1m[35mCOMMIT[0m
  [1m[35m (0.3ms)[0m  [1m[35mBEGIN[0m
  [1m[36mCharacter Exists (0.5ms)[0m  [1m[34mSELECT  1 AS one FROM "characters" WHERE "characters"."user_id" = $1 AND "characters"."campaign_id" = 1 LIMIT $2[0m  [["user_id", 2], ["LIMIT", 1]]
  [1m[35mSQL (0.5ms)[0m  [1m[32mINSERT INTO "characters" ("user_id", "campaign_id", "name", "description", "primary_class", "location", "level", "copper", "created_at", "updated_at") VALUES ($1, $2, $3, $4, $5, $6, $7, $8, $9, $10) RETURNING "id"[0m  [["user_id", 2], ["campaign_id", 1], ["name", "Rand"], ["description", "A regular boy in the village"], ["primary_class", "Farmer"], ["location", "Emond's Field"], ["level", 1], ["copper", 6], ["created_at", "2018-08-26 14:16:27.218878"], ["updated_at", "2018-08-26 14:16:27.218878"]]
  [1m[35m (3.8ms)[0m  [1m[35mCOMMIT[0m
  [1m[35m (0.3ms)[0m  [1m[35mBEGIN[0m
  [1m[36mCharacter Exists (0.4ms)[0m  [1m[34mSELECT  1 AS one FROM "characters" WHERE "characters"."user_id" = $1 AND "characters"."campaign_id" = 1 LIMIT $2[0m  [["user_id", 2], ["LIMIT", 1]]
  [1m[35m (0.3ms)[0m  [1m[31mROLLBACK[0m
  [1m[35m (0.7ms)[0m  [1m[34mSELECT "schema_migrations"."version" FROM "schema_migrations" ORDER BY "schema_migrations"."version" ASC[0m
  [1m[35m (0.3ms)[0m  [1m[35mBEGIN[0m
  [1m[35mSQL (0.6ms)[0m  [1m[32mINSERT INTO "users" ("username", "email", "password_digest", "created_at", "updated_at") VALUES ($1, $2, $3, $4, $5) RETURNING "id"[0m  [["username", "Zackbert"], ["email", "zberto@gmail.com"], ["password_digest", "$2a$10$zx4zeKVPHsClaVgizJUFYuZeltfAzTCkAmEX5aaeZidEm6OgveKEy"], ["created_at", "2018-08-26 14:18:58.550343"], ["updated_at", "2018-08-26 14:18:58.550343"]]
  [1m[35m (13.2ms)[0m  [1m[35mCOMMIT[0m
  [1m[35m (0.3ms)[0m  [1m[35mBEGIN[0m
  [1m[35mSQL (0.5ms)[0m  [1m[32mINSERT INTO "users" ("username", "email", "password_digest", "created_at", "updated_at") VALUES ($1, $2, $3, $4, $5) RETURNING "id"[0m  [["username", "Gregbert"], ["email", "gberto@gmail.com"], ["password_digest", "$2a$10$045YadJoY0uPp.rF1ARq5uRA2tpHiLwIKsZvWCaF1DFnyOPi9E7ey"], ["created_at", "2018-08-26 14:18:58.643939"], ["updated_at", "2018-08-26 14:18:58.643939"]]
  [1m[35m (3.4ms)[0m  [1m[35mCOMMIT[0m
  [1m[35m (0.3ms)[0m  [1m[35mBEGIN[0m
  [1m[35mSQL (0.4ms)[0m  [1m[32mINSERT INTO "users" ("username", "email", "password_digest", "created_at", "updated_at") VALUES ($1, $2, $3, $4, $5) RETURNING "id"[0m  [["username", "Bobo"], ["email", "bobo@gmail.com"], ["password_digest", "$2a$10$4DmHdBHwnXff0wuYn10Bh.lezNTMDtQwDycinalQJ.bUjmy32j0Iq"], ["created_at", "2018-08-26 14:18:58.727185"], ["updated_at", "2018-08-26 14:18:58.727185"]]
  [1m[35m (3.5ms)[0m  [1m[35mCOMMIT[0m
  [1m[35m (0.3ms)[0m  [1m[35mBEGIN[0m
  [1m[35mSQL (0.4ms)[0m  [1m[32mINSERT INTO "users" ("username", "email", "password_digest", "created_at", "updated_at") VALUES ($1, $2, $3, $4, $5) RETURNING "id"[0m  [["username", "Grablo"], ["email", "gurp@gmail.com"], ["password_digest", "$2a$10$VWZj7HvHXOeNL4HGBjkppup4rSQ1vTQ2mbaj9TSfWGJVC5769fOGW"], ["created_at", "2018-08-26 14:18:58.810373"], ["updated_at", "2018-08-26 14:18:58.810373"]]
  [1m[35m (3.4ms)[0m  [1m[35mCOMMIT[0m
  [1m[35m (0.3ms)[0m  [1m[35mBEGIN[0m
  [1m[35mSQL (0.5ms)[0m  [1m[32mINSERT INTO "campaigns" ("user_id", "title", "description", "created_at", "updated_at") VALUES ($1, $2, $3, $4, $5) RETURNING "id"[0m  [["user_id", 3], ["title", "Wheel of Time"], ["description", "It begins."], ["created_at", "2018-08-26 14:18:58.836053"], ["updated_at", "2018-08-26 14:18:58.836053"]]
  [1m[35m (10.8ms)[0m  [1m[35mCOMMIT[0m
  [1m[35m (0.3ms)[0m  [1m[35mBEGIN[0m
  [1m[35mSQL (0.5ms)[0m  [1m[32mINSERT INTO "items" ("name", "details", "value", "campaign_id", "created_at", "updated_at") VALUES ($1, $2, $3, $4, $5, $6) RETURNING "id"[0m  [["name", "sword"], ["details", "Long, sharp, shiny"], ["value", 100.0], ["campaign_id", 2], ["created_at", "2018-08-26 14:18:58.865455"], ["updated_at", "2018-08-26 14:18:58.865455"]]
  [1m[35m (6.3ms)[0m  [1m[35mCOMMIT[0m
  [1m[35m (0.3ms)[0m  [1m[35mBEGIN[0m
  [1m[35mSQL (0.4ms)[0m  [1m[32mINSERT INTO "items" ("name", "details", "value", "campaign_id", "created_at", "updated_at") VALUES ($1, $2, $3, $4, $5, $6) RETURNING "id"[0m  [["name", "shield"], ["details", "Round, hard, not shiny"], ["value", 30.0], ["campaign_id", 2], ["created_at", "2018-08-26 14:18:58.873993"], ["updated_at", "2018-08-26 14:18:58.873993"]]
  [1m[35m (6.5ms)[0m  [1m[35mCOMMIT[0m
  [1m[35m (0.3ms)[0m  [1m[35mBEGIN[0m
  [1m[35mSQL (0.5ms)[0m  [1m[32mINSERT INTO "chapters" ("title", "description", "campaign_id", "created_at", "updated_at") VALUES ($1, $2, $3, $4, $5) RETURNING "id"[0m  [["title", "The Eye of The World"], ["description", "The adventure begins"], ["campaign_id", 2], ["created_at", "2018-08-26 14:18:58.894740"], ["updated_at", "2018-08-26 14:18:58.894740"]]
  [1m[35m (10.5ms)[0m  [1m[35mCOMMIT[0m
  [1m[35m (0.2ms)[0m  [1m[35mBEGIN[0m
  [1m[35mSQL (0.4ms)[0m  [1m[32mINSERT INTO "chapters" ("title", "description", "campaign_id", "created_at", "updated_at") VALUES ($1, $2, $3, $4, $5) RETURNING "id"[0m  [["title", "The Great Hunt"], ["description", "The adventure continues!"], ["campaign_id", 2], ["created_at", "2018-08-26 14:18:58.907402"], ["updated_at", "2018-08-26 14:18:58.907402"]]
  [1m[35m (6.4ms)[0m  [1m[35mCOMMIT[0m
  [1m[35m (0.3ms)[0m  [1m[35mBEGIN[0m
  [1m[35mSQL (0.5ms)[0m  [1m[32mINSERT INTO "setting_details" ("title", "description", "campaign_id", "created_at", "updated_at") VALUES ($1, $2, $3, $4, $5) RETURNING "id"[0m  [["title", "Location"], ["description", "Two Rivers"], ["campaign_id", 2], ["created_at", "2018-08-26 14:18:58.927220"], ["updated_at", "2018-08-26 14:18:58.927220"]]
  [1m[35m (11.2ms)[0m  [1m[35mCOMMIT[0m
  [1m[35m (0.3ms)[0m  [1m[35mBEGIN[0m
  [1m[35mSQL (0.5ms)[0m  [1m[32mINSERT INTO "setting_details" ("title", "description", "campaign_id", "created_at", "updated_at") VALUES ($1, $2, $3, $4, $5) RETURNING "id"[0m  [["title", "Experience Track"], ["description", "Fast"], ["campaign_id", 2], ["created_at", "2018-08-26 14:18:58.940647"], ["updated_at", "2018-08-26 14:18:58.940647"]]
  [1m[35m (6.4ms)[0m  [1m[35mCOMMIT[0m
  [1m[35m (0.3ms)[0m  [1m[35mBEGIN[0m
  [1m[35mSQL (0.5ms)[0m  [1m[32mINSERT INTO "characters" ("user_id", "campaign_id", "name", "description", "primary_class", "location", "level", "gold", "created_at", "updated_at") VALUES ($1, $2, $3, $4, $5, $6, $7, $8, $9, $10) RETURNING "id"[0m  [["user_id", 3], ["campaign_id", 2], ["name", "Thomdril Merrilin"], ["description", "A wandering bard"], ["primary_class", "Bard"], ["location", "Emond's Field"], ["level", 6], ["gold", 30], ["created_at", "2018-08-26 14:18:58.974411"], ["updated_at", "2018-08-26 14:18:58.974411"]]
  [1m[35m (5.5ms)[0m  [1m[35mCOMMIT[0m
  [1m[35m (0.2ms)[0m  [1m[35mBEGIN[0m
  [1m[36mCharacter Exists (0.6ms)[0m  [1m[34mSELECT  1 AS one FROM "characters" WHERE "characters"."user_id" = $1 AND "characters"."campaign_id" = 2 LIMIT $2[0m  [["user_id", 4], ["LIMIT", 1]]
  [1m[35mSQL (0.4ms)[0m  [1m[32mINSERT INTO "characters" ("user_id", "campaign_id", "name", "description", "primary_class", "location", "level", "copper", "created_at", "updated_at") VALUES ($1, $2, $3, $4, $5, $6, $7, $8, $9, $10) RETURNING "id"[0m  [["user_id", 4], ["campaign_id", 2], ["name", "Rand"], ["description", "A regular boy in the village"], ["primary_class", "Farmer"], ["location", "Emond's Field"], ["level", 1], ["copper", 6], ["created_at", "2018-08-26 14:18:58.984896"], ["updated_at", "2018-08-26 14:18:58.984896"]]
  [1m[35m (3.6ms)[0m  [1m[35mCOMMIT[0m
  [1m[35m (0.2ms)[0m  [1m[35mBEGIN[0m
  [1m[36mCharacter Exists (0.3ms)[0m  [1m[34mSELECT  1 AS one FROM "characters" WHERE "characters"."user_id" = $1 AND "characters"."campaign_id" = 2 LIMIT $2[0m  [["user_id", 5], ["LIMIT", 1]]
  [1m[35mSQL (0.5ms)[0m  [1m[32mINSERT INTO "characters" ("user_id", "campaign_id", "name", "description", "primary_class", "location", "level", "copper", "created_at", "updated_at") VALUES ($1, $2, $3, $4, $5, $6, $7, $8, $9, $10) RETURNING "id"[0m  [["user_id", 5], ["campaign_id", 2], ["name", "Mat"], ["description", "A pain in the butt"], ["primary_class", "Farmer"], ["location", "Emond's Field"], ["level", 1], ["copper", 7], ["created_at", "2018-08-26 14:18:58.991510"], ["updated_at", "2018-08-26 14:18:58.991510"]]
  [1m[35m (5.3ms)[0m  [1m[35mCOMMIT[0m
  [1m[35m (0.3ms)[0m  [1m[35mBEGIN[0m
  [1m[36mCharacter Exists (0.5ms)[0m  [1m[34mSELECT  1 AS one FROM "characters" WHERE "characters"."user_id" = $1 AND "characters"."campaign_id" = 2 LIMIT $2[0m  [["user_id", 6], ["LIMIT", 1]]
  [1m[35mSQL (0.5ms)[0m  [1m[32mINSERT INTO "characters" ("user_id", "campaign_id", "name", "description", "primary_class", "location", "level", "copper", "created_at", "updated_at") VALUES ($1, $2, $3, $4, $5, $6, $7, $8, $9, $10) RETURNING "id"[0m  [["user_id", 6], ["campaign_id", 2], ["name", "Perrin"], ["description", "Slow to action, but thoughtful"], ["primary_class", "Farmer"], ["location", "Emond's Field"], ["level", 1], ["copper", 3], ["created_at", "2018-08-26 14:18:59.000070"], ["updated_at", "2018-08-26 14:18:59.000070"]]
  [1m[35m (5.0ms)[0m  [1m[35mCOMMIT[0m
Started GET "/" for 127.0.0.1 at 2018-08-26 10:19:36 -0400
  [1m[35m (0.7ms)[0m  [1m[34mSELECT "schema_migrations"."version" FROM "schema_migrations" ORDER BY "schema_migrations"."version" ASC[0m
Processing by CampaignsController#index as HTML
Redirected to http://localhost:3000/login
Filter chain halted as :ensure_logged_in rendered or redirected
Completed 302 Found in 22ms (ActiveRecord: 0.0ms)


Started GET "/login" for 127.0.0.1 at 2018-08-26 10:19:36 -0400
Processing by SessionsController#new as HTML
  Rendering sessions/new.html.erb within layouts/application
  Rendered sessions/new.html.erb within layouts/application (1.5ms)
  Rendered layouts/_navigation.html.erb (0.8ms)
Completed 200 OK in 369ms (Views: 367.9ms | ActiveRecord: 0.0ms)


Started POST "/sessions" for 127.0.0.1 at 2018-08-26 10:19:46 -0400
Processing by SessionsController#create as HTML
  Parameters: {"utf8"=>"✓", "authenticity_token"=>"sylOTJtihUM0XByHtybUC0auDUOQ0V7781/6uhe64PFlySxSyW5p8KRKqbSI3UeZedzxDwW8W/Q2TxO/MElxyg==", "email"=>"zberto@gmail.com", "password"=>"[FILTERED]", "commit"=>"Login"}
  [1m[36mUser Load (0.5ms)[0m  [1m[34mSELECT  "users".* FROM "users" WHERE "users"."email" = $1 LIMIT $2[0m  [["email", "zberto@gmail.com"], ["LIMIT", 1]]
Redirected to http://localhost:3000/campaigns
Completed 302 Found in 116ms (ActiveRecord: 4.7ms)


Started GET "/campaigns" for 127.0.0.1 at 2018-08-26 10:19:46 -0400
Processing by CampaignsController#index as HTML
  [1m[36mUser Load (0.8ms)[0m  [1m[34mSELECT  "users".* FROM "users" WHERE "users"."id" = $1 LIMIT $2[0m  [["id", 1], ["LIMIT", 1]]
  [1m[36mCACHE User Load (0.0ms)[0m  [1m[34mSELECT  "users".* FROM "users" WHERE "users"."id" = $1 LIMIT $2[0m  [["id", 1], ["LIMIT", 1]]
  [1m[36mCACHE User Load (0.0ms)[0m  [1m[34mSELECT  "users".* FROM "users" WHERE "users"."id" = $1 LIMIT $2[0m  [["id", 1], ["LIMIT", 1]]
  [1m[36mCACHE User Load (0.0ms)[0m  [1m[34mSELECT  "users".* FROM "users" WHERE "users"."id" = $1 LIMIT $2[0m  [["id", 1], ["LIMIT", 1]]
  Rendering campaigns/index.html.erb within layouts/application
  [1m[36mCampaign Load (0.5ms)[0m  [1m[34mSELECT "campaigns".* FROM "campaigns" WHERE "campaigns"."user_id" = $1[0m  [["user_id", 1]]
  Rendered campaigns/index.html.erb within layouts/application (23.7ms)
  [1m[36mCACHE User Load (0.0ms)[0m  [1m[34mSELECT  "users".* FROM "users" WHERE "users"."id" = $1 LIMIT $2[0m  [["id", 1], ["LIMIT", 1]]
  [1m[36mCACHE User Load (0.0ms)[0m  [1m[34mSELECT  "users".* FROM "users" WHERE "users"."id" = $1 LIMIT $2[0m  [["id", 1], ["LIMIT", 1]]
  [1m[36mCACHE User Load (0.0ms)[0m  [1m[34mSELECT  "users".* FROM "users" WHERE "users"."id" = $1 LIMIT $2[0m  [["id", 1], ["LIMIT", 1]]
  [1m[36mCACHE User Load (0.0ms)[0m  [1m[34mSELECT  "users".* FROM "users" WHERE "users"."id" = $1 LIMIT $2[0m  [["id", 1], ["LIMIT", 1]]
  Rendered sessions/_logout_button.html.erb (0.3ms)
  Rendered layouts/_navigation.html.erb (3.7ms)
Completed 200 OK in 99ms (Views: 70.7ms | ActiveRecord: 4.5ms)


Started GET "/campaigns/1" for 127.0.0.1 at 2018-08-26 10:20:23 -0400
Processing by CampaignsController#show as HTML
  Parameters: {"id"=>"1"}
  [1m[36mUser Load (0.3ms)[0m  [1m[34mSELECT  "users".* FROM "users" WHERE "users"."id" = $1 LIMIT $2[0m  [["id", 1], ["LIMIT", 1]]
  [1m[36mCACHE User Load (0.0ms)[0m  [1m[34mSELECT  "users".* FROM "users" WHERE "users"."id" = $1 LIMIT $2[0m  [["id", 1], ["LIMIT", 1]]
  [1m[36mCampaign Load (0.2ms)[0m  [1m[34mSELECT  "campaigns".* FROM "campaigns" WHERE "campaigns"."id" = $1 LIMIT $2[0m  [["id", 1], ["LIMIT", 1]]
  [1m[36mChapter Load (0.4ms)[0m  [1m[34mSELECT "chapters".* FROM "chapters" WHERE "chapters"."campaign_id" = $1[0m  [["campaign_id", 1]]
  [1m[36mCharacter Load (0.4ms)[0m  [1m[34mSELECT "characters".* FROM "characters" WHERE "characters"."campaign_id" = $1[0m  [["campaign_id", 1]]
  [1m[36mCACHE User Load (0.0ms)[0m  [1m[34mSELECT  "users".* FROM "users" WHERE "users"."id" = $1 LIMIT $2[0m  [["id", 1], ["LIMIT", 1]]
  [1m[36mCACHE User Load (0.0ms)[0m  [1m[34mSELECT  "users".* FROM "users" WHERE "users"."id" = $1 LIMIT $2[0m  [["id", 1], ["LIMIT", 1]]
  [1m[36mUser Load (0.3ms)[0m  [1m[34mSELECT  "users".* FROM "users" WHERE "users"."id" = $1 LIMIT $2[0m  [["id", 2], ["LIMIT", 1]]
  Rendering campaigns/show.html.erb within layouts/application
  [1m[36mCACHE User Load (0.0ms)[0m  [1m[34mSELECT  "users".* FROM "users" WHERE "users"."id" = $1 LIMIT $2[0m  [["id", 1], ["LIMIT", 1]]
  [1m[36mCACHE User Load (0.0ms)[0m  [1m[34mSELECT  "users".* FROM "users" WHERE "users"."id" = $1 LIMIT $2[0m  [["id", 1], ["LIMIT", 1]]
  Rendered chapters/_form.html.erb (11.0ms)
  Rendered chapters/_chapter_listing.html.erb (12.5ms)
  Rendered characters/_party.html.erb (0.8ms)
  [1m[36mCACHE User Load (0.0ms)[0m  [1m[34mSELECT  "users".* FROM "users" WHERE "users"."id" = $1 LIMIT $2[0m  [["id", 1], ["LIMIT", 1]]
  [1m[36mCACHE User Load (0.0ms)[0m  [1m[34mSELECT  "users".* FROM "users" WHERE "users"."id" = $1 LIMIT $2[0m  [["id", 1], ["LIMIT", 1]]
  Rendered characters/_npc_roster.html.erb (1.2ms)
  Rendered campaigns/show.html.erb within layouts/application (16.8ms)
  [1m[36mCACHE User Load (0.0ms)[0m  [1m[34mSELECT  "users".* FROM "users" WHERE "users"."id" = $1 LIMIT $2[0m  [["id", 1], ["LIMIT", 1]]
  [1m[36mCACHE User Load (0.0ms)[0m  [1m[34mSELECT  "users".* FROM "users" WHERE "users"."id" = $1 LIMIT $2[0m  [["id", 1], ["LIMIT", 1]]
  [1m[36mCACHE User Load (0.0ms)[0m  [1m[34mSELECT  "users".* FROM "users" WHERE "users"."id" = $1 LIMIT $2[0m  [["id", 1], ["LIMIT", 1]]
  [1m[36mCACHE User Load (0.0ms)[0m  [1m[34mSELECT  "users".* FROM "users" WHERE "users"."id" = $1 LIMIT $2[0m  [["id", 1], ["LIMIT", 1]]
  Rendered sessions/_logout_button.html.erb (0.3ms)
  Rendered layouts/_navigation.html.erb (2.6ms)
Completed 200 OK in 114ms (Views: 48.5ms | ActiveRecord: 7.9ms)


Started GET "/campaigns/1/setting_details" for 127.0.0.1 at 2018-08-26 10:20:33 -0400
Processing by SettingDetailsController#index as HTML
  Parameters: {"campaign_id"=>"1"}
  [1m[36mCampaign Load (0.3ms)[0m  [1m[34mSELECT  "campaigns".* FROM "campaigns" WHERE "campaigns"."id" = $1 LIMIT $2[0m  [["id", 1], ["LIMIT", 1]]
  [1m[36mSettingDetail Load (0.4ms)[0m  [1m[34mSELECT "setting_details".* FROM "setting_details" WHERE "setting_details"."campaign_id" = $1[0m  [["campaign_id", 1]]
  Rendering setting_details/index.html.erb within layouts/application
  [1m[36mUser Load (0.4ms)[0m  [1m[34mSELECT  "users".* FROM "users" WHERE "users"."id" = $1 LIMIT $2[0m  [["id", 1], ["LIMIT", 1]]
  [1m[36mCACHE User Load (0.0ms)[0m  [1m[34mSELECT  "users".* FROM "users" WHERE "users"."id" = $1 LIMIT $2[0m  [["id", 1], ["LIMIT", 1]]
  [1m[36mCACHE User Load (0.0ms)[0m  [1m[34mSELECT  "users".* FROM "users" WHERE "users"."id" = $1 LIMIT $2[0m  [["id", 1], ["LIMIT", 1]]
  Rendered setting_details/_form.html.erb (2.0ms)
  Rendered setting_details/_setting_detail_listing.html.erb (5.6ms)
  Rendered setting_details/index.html.erb within layouts/application (6.5ms)
  [1m[36mCACHE User Load (0.0ms)[0m  [1m[34mSELECT  "users".* FROM "users" WHERE "users"."id" = $1 LIMIT $2[0m  [["id", 1], ["LIMIT", 1]]
  [1m[36mCACHE User Load (0.0ms)[0m  [1m[34mSELECT  "users".* FROM "users" WHERE "users"."id" = $1 LIMIT $2[0m  [["id", 1], ["LIMIT", 1]]
  [1m[36mCACHE User Load (0.0ms)[0m  [1m[34mSELECT  "users".* FROM "users" WHERE "users"."id" = $1 LIMIT $2[0m  [["id", 1], ["LIMIT", 1]]
  [1m[36mCACHE User Load (0.0ms)[0m  [1m[34mSELECT  "users".* FROM "users" WHERE "users"."id" = $1 LIMIT $2[0m  [["id", 1], ["LIMIT", 1]]
  Rendered sessions/_logout_button.html.erb (0.3ms)
  Rendered layouts/_navigation.html.erb (2.7ms)
Completed 200 OK in 54ms (Views: 35.6ms | ActiveRecord: 4.0ms)


Started GET "/campaigns/1" for 127.0.0.1 at 2018-08-26 10:20:34 -0400
Processing by CampaignsController#show as HTML
  Parameters: {"id"=>"1"}
  [1m[36mUser Load (0.3ms)[0m  [1m[34mSELECT  "users".* FROM "users" WHERE "users"."id" = $1 LIMIT $2[0m  [["id", 1], ["LIMIT", 1]]
  [1m[36mCACHE User Load (0.0ms)[0m  [1m[34mSELECT  "users".* FROM "users" WHERE "users"."id" = $1 LIMIT $2[0m  [["id", 1], ["LIMIT", 1]]
  [1m[36mCampaign Load (0.3ms)[0m  [1m[34mSELECT  "campaigns".* FROM "campaigns" WHERE "campaigns"."id" = $1 LIMIT $2[0m  [["id", 1], ["LIMIT", 1]]
  [1m[36mChapter Load (0.3ms)[0m  [1m[34mSELECT "chapters".* FROM "chapters" WHERE "chapters"."campaign_id" = $1[0m  [["campaign_id", 1]]
  [1m[36mCharacter Load (0.2ms)[0m  [1m[34mSELECT "characters".* FROM "characters" WHERE "characters"."campaign_id" = $1[0m  [["campaign_id", 1]]
  [1m[36mCACHE User Load (0.0ms)[0m  [1m[34mSELECT  "users".* FROM "users" WHERE "users"."id" = $1 LIMIT $2[0m  [["id", 1], ["LIMIT", 1]]
  [1m[36mCACHE User Load (0.0ms)[0m  [1m[34mSELECT  "users".* FROM "users" WHERE "users"."id" = $1 LIMIT $2[0m  [["id", 1], ["LIMIT", 1]]
  [1m[36mUser Load (0.2ms)[0m  [1m[34mSELECT  "users".* FROM "users" WHERE "users"."id" = $1 LIMIT $2[0m  [["id", 2], ["LIMIT", 1]]
  Rendering campaigns/show.html.erb within layouts/application
  [1m[36mCACHE User Load (0.0ms)[0m  [1m[34mSELECT  "users".* FROM "users" WHERE "users"."id" = $1 LIMIT $2[0m  [["id", 1], ["LIMIT", 1]]
  [1m[36mCACHE User Load (0.0ms)[0m  [1m[34mSELECT  "users".* FROM "users" WHERE "users"."id" = $1 LIMIT $2[0m  [["id", 1], ["LIMIT", 1]]
  Rendered chapters/_form.html.erb (1.5ms)
  Rendered chapters/_chapter_listing.html.erb (3.1ms)
  Rendered characters/_party.html.erb (0.7ms)
  [1m[36mCACHE User Load (0.0ms)[0m  [1m[34mSELECT  "users".* FROM "users" WHERE "users"."id" = $1 LIMIT $2[0m  [["id", 1], ["LIMIT", 1]]
  [1m[36mCACHE User Load (0.0ms)[0m  [1m[34mSELECT  "users".* FROM "users" WHERE "users"."id" = $1 LIMIT $2[0m  [["id", 1], ["LIMIT", 1]]
  Rendered characters/_npc_roster.html.erb (1.2ms)
  Rendered campaigns/show.html.erb within layouts/application (7.4ms)
  [1m[36mCACHE User Load (0.0ms)[0m  [1m[34mSELECT  "users".* FROM "users" WHERE "users"."id" = $1 LIMIT $2[0m  [["id", 1], ["LIMIT", 1]]
  [1m[36mCACHE User Load (0.0ms)[0m  [1m[34mSELECT  "users".* FROM "users" WHERE "users"."id" = $1 LIMIT $2[0m  [["id", 1], ["LIMIT", 1]]
  [1m[36mCACHE User Load (0.0ms)[0m  [1m[34mSELECT  "users".* FROM "users" WHERE "users"."id" = $1 LIMIT $2[0m  [["id", 1], ["LIMIT", 1]]
  [1m[36mCACHE User Load (0.0ms)[0m  [1m[34mSELECT  "users".* FROM "users" WHERE "users"."id" = $1 LIMIT $2[0m  [["id", 1], ["LIMIT", 1]]
  Rendered sessions/_logout_button.html.erb (0.3ms)
  Rendered layouts/_navigation.html.erb (2.8ms)
Completed 200 OK in 57ms (Views: 48.7ms | ActiveRecord: 1.3ms)


Started GET "/campaigns/1" for 127.0.0.1 at 2018-08-26 10:40:32 -0400
  [1m[35m (0.6ms)[0m  [1m[34mSELECT "schema_migrations"."version" FROM "schema_migrations" ORDER BY "schema_migrations"."version" ASC[0m
Processing by CampaignsController#show as HTML
  Parameters: {"id"=>"1"}
  [1m[36mUser Load (0.4ms)[0m  [1m[34mSELECT  "users".* FROM "users" WHERE "users"."id" = $1 LIMIT $2[0m  [["id", 1], ["LIMIT", 1]]
  [1m[36mUser Load (0.3ms)[0m  [1m[34mSELECT  "users".* FROM "users" WHERE "users"."id" = $1 LIMIT $2[0m  [["id", 1], ["LIMIT", 1]]
  [1m[36mCampaign Load (0.3ms)[0m  [1m[34mSELECT  "campaigns".* FROM "campaigns" WHERE "campaigns"."id" = $1 LIMIT $2[0m  [["id", 1], ["LIMIT", 1]]
  [1m[36mChapter Load (0.3ms)[0m  [1m[34mSELECT "chapters".* FROM "chapters" WHERE "chapters"."campaign_id" = $1[0m  [["campaign_id", 1]]
  [1m[36mCharacter Load (0.4ms)[0m  [1m[34mSELECT "characters".* FROM "characters" WHERE "characters"."campaign_id" = $1[0m  [["campaign_id", 1]]
  [1m[36mUser Load (0.3ms)[0m  [1m[34mSELECT  "users".* FROM "users" WHERE "users"."id" = $1 LIMIT $2[0m  [["id", 1], ["LIMIT", 1]]
  [1m[36mUser Load (0.3ms)[0m  [1m[34mSELECT  "users".* FROM "users" WHERE "users"."id" = $1 LIMIT $2[0m  [["id", 1], ["LIMIT", 1]]
  [1m[36mUser Load (0.2ms)[0m  [1m[34mSELECT  "users".* FROM "users" WHERE "users"."id" = $1 LIMIT $2[0m  [["id", 2], ["LIMIT", 1]]
  Rendering campaigns/show.html.erb within layouts/application
  [1m[36mUser Load (0.3ms)[0m  [1m[34mSELECT  "users".* FROM "users" WHERE "users"."id" = $1 LIMIT $2[0m  [["id", 1], ["LIMIT", 1]]
  [1m[36mUser Load (0.2ms)[0m  [1m[34mSELECT  "users".* FROM "users" WHERE "users"."id" = $1 LIMIT $2[0m  [["id", 1], ["LIMIT", 1]]
  Rendered chapters/_form.html.erb (11.4ms)
  Rendered chapters/_chapter_listing.html.erb (13.6ms)
  Rendered characters/_party.html.erb (0.9ms)
  [1m[36mUser Load (0.3ms)[0m  [1m[34mSELECT  "users".* FROM "users" WHERE "users"."id" = $1 LIMIT $2[0m  [["id", 1], ["LIMIT", 1]]
  [1m[36mUser Load (0.2ms)[0m  [1m[34mSELECT  "users".* FROM "users" WHERE "users"."id" = $1 LIMIT $2[0m  [["id", 1], ["LIMIT", 1]]
  Rendered characters/_npc_roster.html.erb (1.9ms)
  Rendered campaigns/show.html.erb within layouts/application (19.2ms)
  [1m[36mUser Load (0.3ms)[0m  [1m[34mSELECT  "users".* FROM "users" WHERE "users"."id" = $1 LIMIT $2[0m  [["id", 1], ["LIMIT", 1]]
  [1m[36mUser Load (0.2ms)[0m  [1m[34mSELECT  "users".* FROM "users" WHERE "users"."id" = $1 LIMIT $2[0m  [["id", 1], ["LIMIT", 1]]
  [1m[36mUser Load (0.2ms)[0m  [1m[34mSELECT  "users".* FROM "users" WHERE "users"."id" = $1 LIMIT $2[0m  [["id", 1], ["LIMIT", 1]]
  [1m[36mUser Load (0.2ms)[0m  [1m[34mSELECT  "users".* FROM "users" WHERE "users"."id" = $1 LIMIT $2[0m  [["id", 1], ["LIMIT", 1]]
  Rendered sessions/_logout_button.html.erb (0.3ms)
  Rendered layouts/_navigation.html.erb (3.9ms)
Completed 200 OK in 330ms (Views: 224.1ms | ActiveRecord: 17.5ms)


Started GET "/" for 127.0.0.1 at 2018-08-26 10:40:35 -0400
Processing by CampaignsController#index as HTML
  [1m[36mUser Load (0.5ms)[0m  [1m[34mSELECT  "users".* FROM "users" WHERE "users"."id" = $1 LIMIT $2[0m  [["id", 1], ["LIMIT", 1]]
  [1m[36mCACHE User Load (0.0ms)[0m  [1m[34mSELECT  "users".* FROM "users" WHERE "users"."id" = $1 LIMIT $2[0m  [["id", 1], ["LIMIT", 1]]
  [1m[36mCACHE User Load (0.0ms)[0m  [1m[34mSELECT  "users".* FROM "users" WHERE "users"."id" = $1 LIMIT $2[0m  [["id", 1], ["LIMIT", 1]]
  [1m[36mCACHE User Load (0.0ms)[0m  [1m[34mSELECT  "users".* FROM "users" WHERE "users"."id" = $1 LIMIT $2[0m  [["id", 1], ["LIMIT", 1]]
  Rendering campaigns/index.html.erb within layouts/application
  [1m[36mCampaign Load (0.4ms)[0m  [1m[34mSELECT "campaigns".* FROM "campaigns" WHERE "campaigns"."user_id" = $1[0m  [["user_id", 1]]
  Rendered campaigns/index.html.erb within layouts/application (3.3ms)
  [1m[36mCACHE User Load (0.0ms)[0m  [1m[34mSELECT  "users".* FROM "users" WHERE "users"."id" = $1 LIMIT $2[0m  [["id", 1], ["LIMIT", 1]]
  [1m[36mCACHE User Load (0.0ms)[0m  [1m[34mSELECT  "users".* FROM "users" WHERE "users"."id" = $1 LIMIT $2[0m  [["id", 1], ["LIMIT", 1]]
  [1m[36mCACHE User Load (0.0ms)[0m  [1m[34mSELECT  "users".* FROM "users" WHERE "users"."id" = $1 LIMIT $2[0m  [["id", 1], ["LIMIT", 1]]
  [1m[36mCACHE User Load (0.0ms)[0m  [1m[34mSELECT  "users".* FROM "users" WHERE "users"."id" = $1 LIMIT $2[0m  [["id", 1], ["LIMIT", 1]]
  Rendered sessions/_logout_button.html.erb (0.3ms)
  Rendered layouts/_navigation.html.erb (2.9ms)
Completed 200 OK in 57ms (Views: 38.5ms | ActiveRecord: 6.4ms)


Started GET "/campaigns/new" for 127.0.0.1 at 2018-08-26 10:40:36 -0400
Processing by CampaignsController#new as HTML
  [1m[36mUser Load (0.4ms)[0m  [1m[34mSELECT  "users".* FROM "users" WHERE "users"."id" = $1 LIMIT $2[0m  [["id", 1], ["LIMIT", 1]]
  [1m[36mCACHE User Load (0.0ms)[0m  [1m[34mSELECT  "users".* FROM "users" WHERE "users"."id" = $1 LIMIT $2[0m  [["id", 1], ["LIMIT", 1]]
  Rendering campaigns/new.html.erb within layouts/application
  Rendered campaigns/_form.html.erb (1.8ms)
  Rendered campaigns/new.html.erb within layouts/application (2.7ms)
  [1m[36mCACHE User Load (0.0ms)[0m  [1m[34mSELECT  "users".* FROM "users" WHERE "users"."id" = $1 LIMIT $2[0m  [["id", 1], ["LIMIT", 1]]
  [1m[36mCACHE User Load (0.0ms)[0m  [1m[34mSELECT  "users".* FROM "users" WHERE "users"."id" = $1 LIMIT $2[0m  [["id", 1], ["LIMIT", 1]]
  [1m[36mCACHE User Load (0.0ms)[0m  [1m[34mSELECT  "users".* FROM "users" WHERE "users"."id" = $1 LIMIT $2[0m  [["id", 1], ["LIMIT", 1]]
  [1m[36mCACHE User Load (0.0ms)[0m  [1m[34mSELECT  "users".* FROM "users" WHERE "users"."id" = $1 LIMIT $2[0m  [["id", 1], ["LIMIT", 1]]
  Rendered sessions/_logout_button.html.erb (0.3ms)
  Rendered layouts/_navigation.html.erb (3.8ms)
Completed 200 OK in 62ms (Views: 59.0ms | ActiveRecord: 0.4ms)


Started POST "/campaigns" for 127.0.0.1 at 2018-08-26 10:40:41 -0400
Processing by CampaignsController#create as HTML
  Parameters: {"utf8"=>"✓", "authenticity_token"=>"mR4VzkN3wjO39dnqPYpA9g81s55G/nWD/zntLy4KOYtP/nfQEXsugCfjbNkCcdNkMEdP0tOTcIw6KQQqCfmosA==", "campaign"=>{"title"=>"Beeep", "description"=>"fdgsaegrf"}, "commit"=>"Submit Form"}
  [1m[36mUser Load (0.3ms)[0m  [1m[34mSELECT  "users".* FROM "users" WHERE "users"."id" = $1 LIMIT $2[0m  [["id", 1], ["LIMIT", 1]]
  [1m[36mCACHE User Load (0.0ms)[0m  [1m[34mSELECT  "users".* FROM "users" WHERE "users"."id" = $1 LIMIT $2[0m  [["id", 1], ["LIMIT", 1]]
  [1m[36mCampaign Load (0.4ms)[0m  [1m[34mSELECT  "campaigns".* FROM "campaigns" WHERE "campaigns"."id" = $1 LIMIT $2[0m  [["id", nil], ["LIMIT", 1]]
Completed 404 Not Found in 5ms (ActiveRecord: 0.7ms)


  
ActiveRecord::RecordNotFound (Couldn't find Campaign with 'id'=):
  
app/controllers/campaigns_controller.rb:56:in `assign_campaign_details'
app/controllers/campaigns_controller.rb:28:in `create'
app/controllers/application_controller.rb:30:in `block in set_time_zone'
app/controllers/application_controller.rb:30:in `set_time_zone'
Started POST "/campaigns" for 127.0.0.1 at 2018-08-26 10:41:24 -0400
Processing by CampaignsController#create as HTML
  Parameters: {"utf8"=>"✓", "authenticity_token"=>"mR4VzkN3wjO39dnqPYpA9g81s55G/nWD/zntLy4KOYtP/nfQEXsugCfjbNkCcdNkMEdP0tOTcIw6KQQqCfmosA==", "campaign"=>{"title"=>"Beeep", "description"=>"fdgsaegrf"}, "commit"=>"Submit Form"}
  [1m[36mUser Load (0.2ms)[0m  [1m[34mSELECT  "users".* FROM "users" WHERE "users"."id" = $1 LIMIT $2[0m  [["id", 1], ["LIMIT", 1]]
  [1m[36mCACHE User Load (0.0ms)[0m  [1m[34mSELECT  "users".* FROM "users" WHERE "users"."id" = $1 LIMIT $2[0m  [["id", 1], ["LIMIT", 1]]
  [1m[36mCampaign Load (0.4ms)[0m  [1m[34mSELECT  "campaigns".* FROM "campaigns" WHERE "campaigns"."id" = $1 LIMIT $2[0m  [["id", nil], ["LIMIT", 1]]
Completed 404 Not Found in 26ms (ActiveRecord: 0.7ms)


  
ActiveRecord::RecordNotFound (Couldn't find Campaign with 'id'=):
  
app/controllers/campaigns_controller.rb:56:in `assign_campaign_details'
app/controllers/campaigns_controller.rb:28:in `create'
app/controllers/application_controller.rb:30:in `block in set_time_zone'
app/controllers/application_controller.rb:30:in `set_time_zone'
Started GET "/campaigns/new" for 127.0.0.1 at 2018-08-26 10:42:42 -0400
Processing by CampaignsController#new as HTML
  [1m[36mUser Load (0.2ms)[0m  [1m[34mSELECT  "users".* FROM "users" WHERE "users"."id" = $1 LIMIT $2[0m  [["id", 1], ["LIMIT", 1]]
  [1m[36mCACHE User Load (0.0ms)[0m  [1m[34mSELECT  "users".* FROM "users" WHERE "users"."id" = $1 LIMIT $2[0m  [["id", 1], ["LIMIT", 1]]
  Rendering campaigns/new.html.erb within layouts/application
  Rendered campaigns/_form.html.erb (1.7ms)
  Rendered campaigns/new.html.erb within layouts/application (2.5ms)
  [1m[36mCACHE User Load (0.0ms)[0m  [1m[34mSELECT  "users".* FROM "users" WHERE "users"."id" = $1 LIMIT $2[0m  [["id", 1], ["LIMIT", 1]]
  [1m[36mCACHE User Load (0.0ms)[0m  [1m[34mSELECT  "users".* FROM "users" WHERE "users"."id" = $1 LIMIT $2[0m  [["id", 1], ["LIMIT", 1]]
  [1m[36mCACHE User Load (0.0ms)[0m  [1m[34mSELECT  "users".* FROM "users" WHERE "users"."id" = $1 LIMIT $2[0m  [["id", 1], ["LIMIT", 1]]
  [1m[36mCACHE User Load (0.0ms)[0m  [1m[34mSELECT  "users".* FROM "users" WHERE "users"."id" = $1 LIMIT $2[0m  [["id", 1], ["LIMIT", 1]]
  Rendered sessions/_logout_button.html.erb (0.3ms)
  Rendered layouts/_navigation.html.erb (2.8ms)
Completed 200 OK in 59ms (Views: 33.6ms | ActiveRecord: 0.3ms)


Started POST "/campaigns" for 127.0.0.1 at 2018-08-26 10:42:45 -0400
Processing by CampaignsController#create as HTML
  Parameters: {"utf8"=>"✓", "authenticity_token"=>"r5M3F+jQSIlV7jq6dRy9zbEjNR3y5+O+8jwj7A9idA95c1UJutykOsX4j4lK5y5fjlHJUWeK5rE3LMrpKJHlNA==", "campaign"=>{"title"=>"sdfgsd", "description"=>"sdfgsdfg"}, "commit"=>"Submit Form"}
  [1m[36mUser Load (0.3ms)[0m  [1m[34mSELECT  "users".* FROM "users" WHERE "users"."id" = $1 LIMIT $2[0m  [["id", 1], ["LIMIT", 1]]
  [1m[36mCACHE User Load (0.0ms)[0m  [1m[34mSELECT  "users".* FROM "users" WHERE "users"."id" = $1 LIMIT $2[0m  [["id", 1], ["LIMIT", 1]]
  [1m[36mCampaign Load (0.2ms)[0m  [1m[34mSELECT  "campaigns".* FROM "campaigns" WHERE "campaigns"."id" = $1 LIMIT $2[0m  [["id", nil], ["LIMIT", 1]]
Completed 404 Not Found in 3ms (ActiveRecord: 0.6ms)


  
ActiveRecord::RecordNotFound (Couldn't find Campaign with 'id'=):
  
app/controllers/campaigns_controller.rb:56:in `assign_campaign_details'
app/controllers/campaigns_controller.rb:28:in `create'
app/controllers/application_controller.rb:30:in `block in set_time_zone'
app/controllers/application_controller.rb:30:in `set_time_zone'
Started POST "/campaigns" for 127.0.0.1 at 2018-08-26 10:43:34 -0400
Processing by CampaignsController#create as HTML
  Parameters: {"utf8"=>"✓", "authenticity_token"=>"r5M3F+jQSIlV7jq6dRy9zbEjNR3y5+O+8jwj7A9idA95c1UJutykOsX4j4lK5y5fjlHJUWeK5rE3LMrpKJHlNA==", "campaign"=>{"title"=>"sdfgsd", "description"=>"sdfgsdfg"}, "commit"=>"Submit Form"}
  [1m[36mUser Load (0.2ms)[0m  [1m[34mSELECT  "users".* FROM "users" WHERE "users"."id" = $1 LIMIT $2[0m  [["id", 1], ["LIMIT", 1]]
  [1m[36mCACHE User Load (0.0ms)[0m  [1m[34mSELECT  "users".* FROM "users" WHERE "users"."id" = $1 LIMIT $2[0m  [["id", 1], ["LIMIT", 1]]
  [1m[36mCampaign Load (0.2ms)[0m  [1m[34mSELECT  "campaigns".* FROM "campaigns" WHERE "campaigns"."id" = $1 LIMIT $2[0m  [["id", nil], ["LIMIT", 1]]
Completed 404 Not Found in 33ms (ActiveRecord: 6.3ms)


  
ActiveRecord::RecordNotFound (Couldn't find Campaign with 'id'=):
  
app/controllers/campaigns_controller.rb:57:in `assign_campaign_details'
app/controllers/campaigns_controller.rb:28:in `create'
app/controllers/application_controller.rb:30:in `block in set_time_zone'
app/controllers/application_controller.rb:30:in `set_time_zone'
Started GET "/campaigns/new" for 127.0.0.1 at 2018-08-26 10:43:37 -0400
Processing by CampaignsController#new as HTML
  [1m[36mUser Load (0.3ms)[0m  [1m[34mSELECT  "users".* FROM "users" WHERE "users"."id" = $1 LIMIT $2[0m  [["id", 1], ["LIMIT", 1]]
  [1m[36mCACHE User Load (0.0ms)[0m  [1m[34mSELECT  "users".* FROM "users" WHERE "users"."id" = $1 LIMIT $2[0m  [["id", 1], ["LIMIT", 1]]
  Rendering campaigns/new.html.erb within layouts/application
  Rendered campaigns/_form.html.erb (1.8ms)
  Rendered campaigns/new.html.erb within layouts/application (2.6ms)
  [1m[36mCACHE User Load (0.0ms)[0m  [1m[34mSELECT  "users".* FROM "users" WHERE "users"."id" = $1 LIMIT $2[0m  [["id", 1], ["LIMIT", 1]]
  [1m[36mCACHE User Load (0.0ms)[0m  [1m[34mSELECT  "users".* FROM "users" WHERE "users"."id" = $1 LIMIT $2[0m  [["id", 1], ["LIMIT", 1]]
  [1m[36mCACHE User Load (0.0ms)[0m  [1m[34mSELECT  "users".* FROM "users" WHERE "users"."id" = $1 LIMIT $2[0m  [["id", 1], ["LIMIT", 1]]
  [1m[36mCACHE User Load (0.0ms)[0m  [1m[34mSELECT  "users".* FROM "users" WHERE "users"."id" = $1 LIMIT $2[0m  [["id", 1], ["LIMIT", 1]]
  Rendered sessions/_logout_button.html.erb (0.3ms)
  Rendered layouts/_navigation.html.erb (4.0ms)
Completed 200 OK in 37ms (Views: 34.8ms | ActiveRecord: 0.4ms)


Started POST "/campaigns" for 127.0.0.1 at 2018-08-26 10:43:47 -0400
  [1m[35m (0.9ms)[0m  [1m[34mSELECT "schema_migrations"."version" FROM "schema_migrations" ORDER BY "schema_migrations"."version" ASC[0m
Processing by CampaignsController#create as HTML
  Parameters: {"utf8"=>"✓", "authenticity_token"=>"dbHaDz2k+KSTe6fXTkoRQxfTU42JzWJlTIcZmba0TiCjUbgRb6gUFwNtEuRxsYLRKKGvwRygZ2qJl/CckUffGw==", "campaign"=>{"title"=>"sdfgsdfg", "description"=>"sdfgsdfg"}, "commit"=>"Submit Form"}
  [1m[36mUser Load (0.4ms)[0m  [1m[34mSELECT  "users".* FROM "users" WHERE "users"."id" = $1 LIMIT $2[0m  [["id", 1], ["LIMIT", 1]]
  [1m[36mUser Load (0.4ms)[0m  [1m[34mSELECT  "users".* FROM "users" WHERE "users"."id" = $1 LIMIT $2[0m  [["id", 1], ["LIMIT", 1]]
  [1m[36mCampaign Load (0.4ms)[0m  [1m[34mSELECT  "campaigns".* FROM "campaigns" WHERE "campaigns"."id" = $1 LIMIT $2[0m  [["id", nil], ["LIMIT", 1]]
Completed 404 Not Found in 55ms (ActiveRecord: 13.1ms)


  
ActiveRecord::RecordNotFound (Couldn't find Campaign with 'id'=):
  
app/controllers/campaigns_controller.rb:57:in `assign_campaign_details'
app/controllers/campaigns_controller.rb:28:in `create'
app/controllers/application_controller.rb:30:in `block in set_time_zone'
app/controllers/application_controller.rb:30:in `set_time_zone'
Started POST "/campaigns" for 127.0.0.1 at 2018-08-26 10:44:29 -0400
Processing by CampaignsController#create as HTML
  Parameters: {"utf8"=>"✓", "authenticity_token"=>"dbHaDz2k+KSTe6fXTkoRQxfTU42JzWJlTIcZmba0TiCjUbgRb6gUFwNtEuRxsYLRKKGvwRygZ2qJl/CckUffGw==", "campaign"=>{"title"=>"sdfgsdfg", "description"=>"sdfgsdfg"}, "commit"=>"Submit Form"}
  [1m[36mUser Load (0.5ms)[0m  [1m[34mSELECT  "users".* FROM "users" WHERE "users"."id" = $1 LIMIT $2[0m  [["id", 1], ["LIMIT", 1]]
  [1m[36mCACHE User Load (0.0ms)[0m  [1m[34mSELECT  "users".* FROM "users" WHERE "users"."id" = $1 LIMIT $2[0m  [["id", 1], ["LIMIT", 1]]
  [1m[36mCampaign Load (0.2ms)[0m  [1m[34mSELECT  "campaigns".* FROM "campaigns" WHERE "campaigns"."id" = $1 LIMIT $2[0m  [["id", nil], ["LIMIT", 1]]
Completed 404 Not Found in 21ms (ActiveRecord: 0.7ms)


  
ActiveRecord::RecordNotFound (Couldn't find Campaign with 'id'=):
  
app/controllers/campaigns_controller.rb:56:in `assign_campaign_details'
app/controllers/campaigns_controller.rb:28:in `create'
app/controllers/application_controller.rb:30:in `block in set_time_zone'
app/controllers/application_controller.rb:30:in `set_time_zone'
Started GET "/" for 127.0.0.1 at 2018-08-26 10:44:40 -0400
Processing by CampaignsController#index as HTML
  [1m[36mUser Load (0.6ms)[0m  [1m[34mSELECT  "users".* FROM "users" WHERE "users"."id" = $1 LIMIT $2[0m  [["id", 1], ["LIMIT", 1]]
  [1m[36mCACHE User Load (0.0ms)[0m  [1m[34mSELECT  "users".* FROM "users" WHERE "users"."id" = $1 LIMIT $2[0m  [["id", 1], ["LIMIT", 1]]
  [1m[36mCACHE User Load (0.0ms)[0m  [1m[34mSELECT  "users".* FROM "users" WHERE "users"."id" = $1 LIMIT $2[0m  [["id", 1], ["LIMIT", 1]]
  [1m[36mCACHE User Load (0.0ms)[0m  [1m[34mSELECT  "users".* FROM "users" WHERE "users"."id" = $1 LIMIT $2[0m  [["id", 1], ["LIMIT", 1]]
  Rendering campaigns/index.html.erb within layouts/application
  [1m[36mCampaign Load (0.4ms)[0m  [1m[34mSELECT "campaigns".* FROM "campaigns" WHERE "campaigns"."user_id" = $1[0m  [["user_id", 1]]
  Rendered campaigns/index.html.erb within layouts/application (21.7ms)
  [1m[36mCACHE User Load (0.0ms)[0m  [1m[34mSELECT  "users".* FROM "users" WHERE "users"."id" = $1 LIMIT $2[0m  [["id", 1], ["LIMIT", 1]]
  [1m[36mCACHE User Load (0.0ms)[0m  [1m[34mSELECT  "users".* FROM "users" WHERE "users"."id" = $1 LIMIT $2[0m  [["id", 1], ["LIMIT", 1]]
  [1m[36mCACHE User Load (0.0ms)[0m  [1m[34mSELECT  "users".* FROM "users" WHERE "users"."id" = $1 LIMIT $2[0m  [["id", 1], ["LIMIT", 1]]
  [1m[36mCACHE User Load (0.0ms)[0m  [1m[34mSELECT  "users".* FROM "users" WHERE "users"."id" = $1 LIMIT $2[0m  [["id", 1], ["LIMIT", 1]]
  Rendered sessions/_logout_button.html.erb (0.3ms)
  Rendered layouts/_navigation.html.erb (3.0ms)
Completed 200 OK in 297ms (Views: 276.1ms | ActiveRecord: 2.4ms)


Started GET "/campaigns/new" for 127.0.0.1 at 2018-08-26 10:44:41 -0400
Processing by CampaignsController#new as HTML
  [1m[36mUser Load (0.3ms)[0m  [1m[34mSELECT  "users".* FROM "users" WHERE "users"."id" = $1 LIMIT $2[0m  [["id", 1], ["LIMIT", 1]]
  [1m[36mCACHE User Load (0.0ms)[0m  [1m[34mSELECT  "users".* FROM "users" WHERE "users"."id" = $1 LIMIT $2[0m  [["id", 1], ["LIMIT", 1]]
  Rendering campaigns/new.html.erb within layouts/application
  Rendered campaigns/_form.html.erb (11.2ms)
  Rendered campaigns/new.html.erb within layouts/application (12.1ms)
  [1m[36mCACHE User Load (0.0ms)[0m  [1m[34mSELECT  "users".* FROM "users" WHERE "users"."id" = $1 LIMIT $2[0m  [["id", 1], ["LIMIT", 1]]
  [1m[36mCACHE User Load (0.0ms)[0m  [1m[34mSELECT  "users".* FROM "users" WHERE "users"."id" = $1 LIMIT $2[0m  [["id", 1], ["LIMIT", 1]]
  [1m[36mCACHE User Load (0.0ms)[0m  [1m[34mSELECT  "users".* FROM "users" WHERE "users"."id" = $1 LIMIT $2[0m  [["id", 1], ["LIMIT", 1]]
  [1m[36mCACHE User Load (0.0ms)[0m  [1m[34mSELECT  "users".* FROM "users" WHERE "users"."id" = $1 LIMIT $2[0m  [["id", 1], ["LIMIT", 1]]
  Rendered sessions/_logout_button.html.erb (0.3ms)
  Rendered layouts/_navigation.html.erb (2.8ms)
Completed 200 OK in 44ms (Views: 40.7ms | ActiveRecord: 0.4ms)


Started POST "/campaigns" for 127.0.0.1 at 2018-08-26 10:44:44 -0400
Processing by CampaignsController#create as HTML
  Parameters: {"utf8"=>"✓", "authenticity_token"=>"30Ocp6fyHPqPndk5XhRIbdqOVzAIjP5YFjmDCGH9ol4Jo/659f7wSR+LbAph79v/5fyrfJ3h+1fTKWoNRg4zZQ==", "campaign"=>{"title"=>"dsfgsdg", "description"=>"sdfgs"}, "commit"=>"Submit Form"}
  [1m[36mUser Load (0.3ms)[0m  [1m[34mSELECT  "users".* FROM "users" WHERE "users"."id" = $1 LIMIT $2[0m  [["id", 1], ["LIMIT", 1]]
  [1m[36mCACHE User Load (0.0ms)[0m  [1m[34mSELECT  "users".* FROM "users" WHERE "users"."id" = $1 LIMIT $2[0m  [["id", 1], ["LIMIT", 1]]
  [1m[36mCampaign Load (0.3ms)[0m  [1m[34mSELECT  "campaigns".* FROM "campaigns" WHERE "campaigns"."id" = $1 LIMIT $2[0m  [["id", nil], ["LIMIT", 1]]
Completed 404 Not Found in 3ms (ActiveRecord: 0.6ms)


  
ActiveRecord::RecordNotFound (Couldn't find Campaign with 'id'=):
  
app/controllers/campaigns_controller.rb:56:in `assign_campaign_details'
app/controllers/campaigns_controller.rb:28:in `create'
app/controllers/application_controller.rb:30:in `block in set_time_zone'
app/controllers/application_controller.rb:30:in `set_time_zone'
Started GET "/campaigns/new" for 127.0.0.1 at 2018-08-26 10:45:23 -0400
  [1m[35m (0.6ms)[0m  [1m[34mSELECT "schema_migrations"."version" FROM "schema_migrations" ORDER BY "schema_migrations"."version" ASC[0m
Processing by CampaignsController#new as HTML
  [1m[36mUser Load (0.4ms)[0m  [1m[34mSELECT  "users".* FROM "users" WHERE "users"."id" = $1 LIMIT $2[0m  [["id", 1], ["LIMIT", 1]]
  [1m[36mUser Load (0.3ms)[0m  [1m[34mSELECT  "users".* FROM "users" WHERE "users"."id" = $1 LIMIT $2[0m  [["id", 1], ["LIMIT", 1]]
  Rendering campaigns/new.html.erb within layouts/application
  Rendered campaigns/_form.html.erb (10.4ms)
  Rendered campaigns/new.html.erb within layouts/application (11.6ms)
  [1m[36mUser Load (0.3ms)[0m  [1m[34mSELECT  "users".* FROM "users" WHERE "users"."id" = $1 LIMIT $2[0m  [["id", 1], ["LIMIT", 1]]
  [1m[36mUser Load (0.2ms)[0m  [1m[34mSELECT  "users".* FROM "users" WHERE "users"."id" = $1 LIMIT $2[0m  [["id", 1], ["LIMIT", 1]]
  [1m[36mUser Load (0.2ms)[0m  [1m[34mSELECT  "users".* FROM "users" WHERE "users"."id" = $1 LIMIT $2[0m  [["id", 1], ["LIMIT", 1]]
  [1m[36mUser Load (0.2ms)[0m  [1m[34mSELECT  "users".* FROM "users" WHERE "users"."id" = $1 LIMIT $2[0m  [["id", 1], ["LIMIT", 1]]
  Rendered sessions/_logout_button.html.erb (0.3ms)
  Rendered layouts/_navigation.html.erb (3.9ms)
Completed 200 OK in 241ms (Views: 194.4ms | ActiveRecord: 8.5ms)


Started POST "/campaigns" for 127.0.0.1 at 2018-08-26 10:45:25 -0400
Processing by CampaignsController#create as HTML
  Parameters: {"utf8"=>"✓", "authenticity_token"=>"p+5cPJAgona7Q2M4W2YWOicA5WwUKe2Nwn7L3kieVXNxDj4iwixOxStV1gtknYWoGHIZIIFE6IIHbiLbb23ESA==", "campaign"=>{"title"=>"fgh", "description"=>"dasfg"}, "commit"=>"Submit Form"}
  [1m[36mUser Load (0.6ms)[0m  [1m[34mSELECT  "users".* FROM "users" WHERE "users"."id" = $1 LIMIT $2[0m  [["id", 1], ["LIMIT", 1]]
  [1m[36mCACHE User Load (0.0ms)[0m  [1m[34mSELECT  "users".* FROM "users" WHERE "users"."id" = $1 LIMIT $2[0m  [["id", 1], ["LIMIT", 1]]
  [1m[36mCACHE User Load (0.0ms)[0m  [1m[34mSELECT  "users".* FROM "users" WHERE "users"."id" = $1 LIMIT $2[0m  [["id", 1], ["LIMIT", 1]]
  [1m[36mCACHE User Load (0.0ms)[0m  [1m[34mSELECT  "users".* FROM "users" WHERE "users"."id" = $1 LIMIT $2[0m  [["id", 1], ["LIMIT", 1]]
  [1m[35m (0.1ms)[0m  [1m[35mBEGIN[0m
  [1m[35mSQL (0.4ms)[0m  [1m[32mINSERT INTO "campaigns" ("user_id", "title", "description", "created_at", "updated_at") VALUES ($1, $2, $3, $4, $5) RETURNING "id"[0m  [["user_id", 1], ["title", "fgh"], ["description", "dasfg"], ["created_at", "2018-08-26 14:45:25.684782"], ["updated_at", "2018-08-26 14:45:25.684782"]]
  [1m[35m (34.0ms)[0m  [1m[35mCOMMIT[0m
Redirected to http://localhost:3000/campaigns
Completed 302 Found in 56ms (ActiveRecord: 40.1ms)


Started GET "/campaigns" for 127.0.0.1 at 2018-08-26 10:45:25 -0400
Processing by CampaignsController#index as HTML
  [1m[36mUser Load (0.3ms)[0m  [1m[34mSELECT  "users".* FROM "users" WHERE "users"."id" = $1 LIMIT $2[0m  [["id", 1], ["LIMIT", 1]]
  [1m[36mCACHE User Load (0.0ms)[0m  [1m[34mSELECT  "users".* FROM "users" WHERE "users"."id" = $1 LIMIT $2[0m  [["id", 1], ["LIMIT", 1]]
  [1m[36mCACHE User Load (0.0ms)[0m  [1m[34mSELECT  "users".* FROM "users" WHERE "users"."id" = $1 LIMIT $2[0m  [["id", 1], ["LIMIT", 1]]
  [1m[36mCACHE User Load (0.0ms)[0m  [1m[34mSELECT  "users".* FROM "users" WHERE "users"."id" = $1 LIMIT $2[0m  [["id", 1], ["LIMIT", 1]]
  Rendering campaigns/index.html.erb within layouts/application
  [1m[36mCampaign Load (0.3ms)[0m  [1m[34mSELECT "campaigns".* FROM "campaigns" WHERE "campaigns"."user_id" = $1[0m  [["user_id", 1]]
  Rendered campaigns/index.html.erb within layouts/application (4.9ms)
  [1m[36mCACHE User Load (0.0ms)[0m  [1m[34mSELECT  "users".* FROM "users" WHERE "users"."id" = $1 LIMIT $2[0m  [["id", 1], ["LIMIT", 1]]
  [1m[36mCACHE User Load (0.0ms)[0m  [1m[34mSELECT  "users".* FROM "users" WHERE "users"."id" = $1 LIMIT $2[0m  [["id", 1], ["LIMIT", 1]]
  [1m[36mCACHE User Load (0.0ms)[0m  [1m[34mSELECT  "users".* FROM "users" WHERE "users"."id" = $1 LIMIT $2[0m  [["id", 1], ["LIMIT", 1]]
  [1m[36mCACHE User Load (0.0ms)[0m  [1m[34mSELECT  "users".* FROM "users" WHERE "users"."id" = $1 LIMIT $2[0m  [["id", 1], ["LIMIT", 1]]
  Rendered sessions/_logout_button.html.erb (0.3ms)
  Rendered layouts/_navigation.html.erb (2.9ms)
Completed 200 OK in 65ms (Views: 56.7ms | ActiveRecord: 0.9ms)


Started GET "/campaigns/3" for 127.0.0.1 at 2018-08-26 10:45:27 -0400
Processing by CampaignsController#show as HTML
  Parameters: {"id"=>"3"}
  [1m[36mUser Load (0.3ms)[0m  [1m[34mSELECT  "users".* FROM "users" WHERE "users"."id" = $1 LIMIT $2[0m  [["id", 1], ["LIMIT", 1]]
  [1m[36mCACHE User Load (0.1ms)[0m  [1m[34mSELECT  "users".* FROM "users" WHERE "users"."id" = $1 LIMIT $2[0m  [["id", 1], ["LIMIT", 1]]
  [1m[36mCampaign Load (0.3ms)[0m  [1m[34mSELECT  "campaigns".* FROM "campaigns" WHERE "campaigns"."id" = $1 LIMIT $2[0m  [["id", 3], ["LIMIT", 1]]
  [1m[36mChapter Load (0.3ms)[0m  [1m[34mSELECT "chapters".* FROM "chapters" WHERE "chapters"."campaign_id" = $1[0m  [["campaign_id", 3]]
  [1m[36mCharacter Load (0.5ms)[0m  [1m[34mSELECT "characters".* FROM "characters" WHERE "characters"."campaign_id" = $1[0m  [["campaign_id", 3]]
  Rendering campaigns/show.html.erb within layouts/application
  [1m[36mCACHE User Load (0.0ms)[0m  [1m[34mSELECT  "users".* FROM "users" WHERE "users"."id" = $1 LIMIT $2[0m  [["id", 1], ["LIMIT", 1]]
  [1m[36mCACHE User Load (0.0ms)[0m  [1m[34mSELECT  "users".* FROM "users" WHERE "users"."id" = $1 LIMIT $2[0m  [["id", 1], ["LIMIT", 1]]
  [1m[36mCACHE User Load (0.0ms)[0m  [1m[34mSELECT  "users".* FROM "users" WHERE "users"."id" = $1 LIMIT $2[0m  [["id", 1], ["LIMIT", 1]]
  Rendered chapters/_form.html.erb (3.0ms)
  Rendered chapters/_chapter_listing.html.erb (5.8ms)
  Rendered characters/_party.html.erb (0.6ms)
  [1m[36mCACHE User Load (0.0ms)[0m  [1m[34mSELECT  "users".* FROM "users" WHERE "users"."id" = $1 LIMIT $2[0m  [["id", 1], ["LIMIT", 1]]
  [1m[36mCACHE User Load (0.0ms)[0m  [1m[34mSELECT  "users".* FROM "users" WHERE "users"."id" = $1 LIMIT $2[0m  [["id", 1], ["LIMIT", 1]]
  Rendered characters/_npc_roster.html.erb (1.1ms)
  Rendered campaigns/show.html.erb within layouts/application (9.8ms)
  [1m[36mCACHE User Load (0.0ms)[0m  [1m[34mSELECT  "users".* FROM "users" WHERE "users"."id" = $1 LIMIT $2[0m  [["id", 1], ["LIMIT", 1]]
  [1m[36mCACHE User Load (0.0ms)[0m  [1m[34mSELECT  "users".* FROM "users" WHERE "users"."id" = $1 LIMIT $2[0m  [["id", 1], ["LIMIT", 1]]
  [1m[36mCACHE User Load (0.0ms)[0m  [1m[34mSELECT  "users".* FROM "users" WHERE "users"."id" = $1 LIMIT $2[0m  [["id", 1], ["LIMIT", 1]]
  [1m[36mCACHE User Load (0.0ms)[0m  [1m[34mSELECT  "users".* FROM "users" WHERE "users"."id" = $1 LIMIT $2[0m  [["id", 1], ["LIMIT", 1]]
  Rendered sessions/_logout_button.html.erb (0.6ms)
  Rendered layouts/_navigation.html.erb (3.8ms)
Completed 200 OK in 87ms (Views: 52.8ms | ActiveRecord: 9.9ms)


Started GET "/campaigns/new" for 127.0.0.1 at 2018-08-26 10:45:31 -0400
Processing by CampaignsController#new as HTML
  [1m[36mUser Load (0.3ms)[0m  [1m[34mSELECT  "users".* FROM "users" WHERE "users"."id" = $1 LIMIT $2[0m  [["id", 1], ["LIMIT", 1]]
  [1m[36mCACHE User Load (0.0ms)[0m  [1m[34mSELECT  "users".* FROM "users" WHERE "users"."id" = $1 LIMIT $2[0m  [["id", 1], ["LIMIT", 1]]
  Rendering campaigns/new.html.erb within layouts/application
  Rendered campaigns/_form.html.erb (2.1ms)
  Rendered campaigns/new.html.erb within layouts/application (3.4ms)
  [1m[36mCACHE User Load (0.0ms)[0m  [1m[34mSELECT  "users".* FROM "users" WHERE "users"."id" = $1 LIMIT $2[0m  [["id", 1], ["LIMIT", 1]]
  [1m[36mCACHE User Load (0.0ms)[0m  [1m[34mSELECT  "users".* FROM "users" WHERE "users"."id" = $1 LIMIT $2[0m  [["id", 1], ["LIMIT", 1]]
  [1m[36mCACHE User Load (0.0ms)[0m  [1m[34mSELECT  "users".* FROM "users" WHERE "users"."id" = $1 LIMIT $2[0m  [["id", 1], ["LIMIT", 1]]
  [1m[36mCACHE User Load (0.0ms)[0m  [1m[34mSELECT  "users".* FROM "users" WHERE "users"."id" = $1 LIMIT $2[0m  [["id", 1], ["LIMIT", 1]]
  Rendered sessions/_logout_button.html.erb (0.3ms)
  Rendered layouts/_navigation.html.erb (3.8ms)
Completed 200 OK in 59ms (Views: 56.6ms | ActiveRecord: 0.3ms)


Started POST "/campaigns" for 127.0.0.1 at 2018-08-26 10:45:57 -0400
Processing by CampaignsController#create as HTML
  Parameters: {"utf8"=>"✓", "authenticity_token"=>"yOmZbqJbOO/IySsEPCggpGKT+6FYOpaFAJZShfMg9pIeCftw8FfUXFjfnjcD07M2XeEH7c1Xk4rFhruA1NNnqQ==", "campaign"=>{"title"=>"sdfgsd", "description"=>"sdfg"}, "commit"=>"Submit Form"}
  [1m[36mUser Load (0.4ms)[0m  [1m[34mSELECT  "users".* FROM "users" WHERE "users"."id" = $1 LIMIT $2[0m  [["id", 1], ["LIMIT", 1]]
  [1m[36mCACHE User Load (0.0ms)[0m  [1m[34mSELECT  "users".* FROM "users" WHERE "users"."id" = $1 LIMIT $2[0m  [["id", 1], ["LIMIT", 1]]
  [1m[36mCACHE User Load (0.0ms)[0m  [1m[34mSELECT  "users".* FROM "users" WHERE "users"."id" = $1 LIMIT $2[0m  [["id", 1], ["LIMIT", 1]]
  [1m[36mCACHE User Load (0.0ms)[0m  [1m[34mSELECT  "users".* FROM "users" WHERE "users"."id" = $1 LIMIT $2[0m  [["id", 1], ["LIMIT", 1]]
  [1m[35m (0.2ms)[0m  [1m[35mBEGIN[0m
  [1m[35mSQL (0.5ms)[0m  [1m[32mINSERT INTO "campaigns" ("user_id", "title", "description", "created_at", "updated_at") VALUES ($1, $2, $3, $4, $5) RETURNING "id"[0m  [["user_id", 1], ["title", "sdfgsd"], ["description", "sdfg"], ["created_at", "2018-08-26 14:46:07.976546"], ["updated_at", "2018-08-26 14:46:07.976546"]]
  [1m[35m (13.5ms)[0m  [1m[35mCOMMIT[0m
Redirected to http://localhost:3000/campaigns
Completed 302 Found in 45ms (ActiveRecord: 14.6ms)


Started GET "/campaigns" for 127.0.0.1 at 2018-08-26 10:46:07 -0400
Processing by CampaignsController#index as HTML
  [1m[36mUser Load (0.4ms)[0m  [1m[34mSELECT  "users".* FROM "users" WHERE "users"."id" = $1 LIMIT $2[0m  [["id", 1], ["LIMIT", 1]]
  [1m[36mCACHE User Load (0.0ms)[0m  [1m[34mSELECT  "users".* FROM "users" WHERE "users"."id" = $1 LIMIT $2[0m  [["id", 1], ["LIMIT", 1]]
  [1m[36mCACHE User Load (0.0ms)[0m  [1m[34mSELECT  "users".* FROM "users" WHERE "users"."id" = $1 LIMIT $2[0m  [["id", 1], ["LIMIT", 1]]
  [1m[36mCACHE User Load (0.0ms)[0m  [1m[34mSELECT  "users".* FROM "users" WHERE "users"."id" = $1 LIMIT $2[0m  [["id", 1], ["LIMIT", 1]]
  Rendering campaigns/index.html.erb within layouts/application
  [1m[36mCampaign Load (0.4ms)[0m  [1m[34mSELECT "campaigns".* FROM "campaigns" WHERE "campaigns"."user_id" = $1[0m  [["user_id", 1]]
  Rendered campaigns/index.html.erb within layouts/application (2.5ms)
  [1m[36mCACHE User Load (0.0ms)[0m  [1m[34mSELECT  "users".* FROM "users" WHERE "users"."id" = $1 LIMIT $2[0m  [["id", 1], ["LIMIT", 1]]
  [1m[36mCACHE User Load (0.0ms)[0m  [1m[34mSELECT  "users".* FROM "users" WHERE "users"."id" = $1 LIMIT $2[0m  [["id", 1], ["LIMIT", 1]]
  [1m[36mCACHE User Load (0.0ms)[0m  [1m[34mSELECT  "users".* FROM "users" WHERE "users"."id" = $1 LIMIT $2[0m  [["id", 1], ["LIMIT", 1]]
  [1m[36mCACHE User Load (0.0ms)[0m  [1m[34mSELECT  "users".* FROM "users" WHERE "users"."id" = $1 LIMIT $2[0m  [["id", 1], ["LIMIT", 1]]
  Rendered sessions/_logout_button.html.erb (0.3ms)
  Rendered layouts/_navigation.html.erb (2.9ms)
Completed 200 OK in 37ms (Views: 33.0ms | ActiveRecord: 0.9ms)


